TN:
SF:src/types.ts
FNF:0
FNH:0
DA:30,3
DA:41,3
DA:52,3
DA:66,3
LF:4
LH:4
BRF:0
BRH:0
end_of_record
TN:
SF:src/App/App.tsx
FN:10,(anonymous_0)
FN:11,(anonymous_1)
FN:12,(anonymous_2)
FN:13,(anonymous_3)
FN:14,(anonymous_4)
FN:15,(anonymous_5)
FN:17,App
FNF:7
FNH:2
FNDA:1,(anonymous_0)
FNDA:0,(anonymous_1)
FNDA:0,(anonymous_2)
FNDA:0,(anonymous_3)
FNDA:0,(anonymous_4)
FNDA:0,(anonymous_5)
FNDA:3,App
DA:10,1
DA:11,1
DA:12,1
DA:13,1
DA:14,1
DA:15,1
DA:18,3
LF:7
LH:7
BRF:0
BRH:0
end_of_record
TN:
SF:src/components/CheckboxDropdown/CheckboxDropdown.tsx
FN:11,CheckboxDropdown
FN:15,(anonymous_1)
FN:16,handleClickOutside
FN:22,(anonymous_3)
FN:27,toggle
FN:37,toggleAll
FN:49,(anonymous_6)
FN:49,(anonymous_7)
FN:61,(anonymous_8)
FN:66,(anonymous_9)
FNF:10
FNH:10
FNDA:39,CheckboxDropdown
FNDA:22,(anonymous_1)
FNDA:24,handleClickOutside
FNDA:22,(anonymous_3)
FNDA:2,toggle
FNDA:4,toggleAll
FNDA:7,(anonymous_6)
FNDA:7,(anonymous_7)
FNDA:90,(anonymous_8)
FNDA:2,(anonymous_9)
DA:12,39
DA:13,39
DA:15,39
DA:17,24
DA:18,11
DA:21,22
DA:22,22
DA:25,39
DA:28,2
DA:29,2
DA:30,1
DA:32,1
DA:34,2
DA:38,4
DA:41,39
DA:45,39
DA:49,7
DA:62,90
DA:66,2
LF:19
LH:19
BRDA:17,0,0,11
BRDA:17,0,1,13
BRDA:17,1,0,24
BRDA:17,1,1,24
BRDA:29,2,0,1
BRDA:29,2,1,1
BRDA:38,3,0,3
BRDA:38,3,1,1
BRDA:41,4,0,33
BRDA:41,4,1,6
BRDA:52,5,0,10
BRDA:52,5,1,29
BRDA:55,6,0,39
BRDA:55,6,1,10
BRF:14
BRH:14
end_of_record
TN:
SF:src/components/CommentItem/CommentItem.tsx
FN:15,CommentItem
FN:21,(anonymous_1)
FN:23,handleReply
FN:52,(anonymous_3)
FN:67,(anonymous_4)
FN:82,(anonymous_5)
FNF:6
FNH:6
FNDA:32,CommentItem
FNDA:34,(anonymous_1)
FNDA:1,handleReply
FNDA:5,(anonymous_3)
FNDA:10,(anonymous_4)
FNDA:1,(anonymous_5)
DA:16,32
DA:17,32
DA:18,32
DA:19,32
DA:21,34
DA:24,1
DA:25,1
DA:32,1
DA:33,1
DA:36,32
DA:38,32
DA:52,5
DA:67,10
DA:83,1
LF:14
LH:14
BRDA:24,0,0,0
BRDA:24,0,1,1
BRDA:24,1,0,1
BRDA:24,1,1,1
BRDA:39,2,0,2
BRDA:39,2,1,30
BRDA:51,3,0,21
BRDA:51,3,1,11
BRDA:53,4,0,14
BRDA:53,4,1,7
BRDA:62,5,0,32
BRDA:62,5,1,14
BRDA:62,5,2,14
BRDA:80,6,0,32
BRDA:80,6,1,1
BRF:15
BRH:14
end_of_record
TN:
SF:src/components/CommentThread/CommentThread.tsx
FN:11,CommentThread
FN:16,(anonymous_1)
FN:17,(anonymous_2)
FN:21,(anonymous_3)
FN:23,handleSubmit
FN:49,(anonymous_5)
FN:74,(anonymous_6)
FNF:7
FNH:7
FNDA:35,CommentThread
FNDA:14,(anonymous_1)
FNDA:1,(anonymous_2)
FNDA:1,(anonymous_3)
FNDA:1,handleSubmit
FNDA:15,(anonymous_5)
FNDA:1,(anonymous_6)
DA:12,35
DA:13,35
DA:14,35
DA:16,35
DA:17,14
DA:21,35
DA:24,1
DA:25,1
DA:32,1
DA:35,35
DA:49,15
DA:75,1
LF:12
LH:12
BRDA:24,0,0,0
BRDA:24,0,1,1
BRDA:24,1,0,1
BRDA:24,1,1,1
BRDA:40,2,0,20
BRDA:40,2,1,15
BRF:6
BRH:5
end_of_record
TN:
SF:src/components/Footer/Footer.tsx
FN:4,Footer
FNF:1
FNH:1
FNDA:8,Footer
DA:5,8
LF:1
LH:1
BRF:0
BRH:0
end_of_record
TN:
SF:src/components/Navbar/Navbar.tsx
FN:5,Navbar
FNF:1
FNH:1
FNDA:13,Navbar
DA:6,13
DA:7,13
DA:9,13
LF:3
LH:3
BRDA:15,0,0,12
BRDA:15,0,1,1
BRDA:18,1,0,1
BRDA:18,1,1,12
BRDA:21,2,0,0
BRDA:21,2,1,13
BRDA:24,3,0,2
BRDA:24,3,1,11
BRF:8
BRH:7
end_of_record
TN:
SF:src/components/ProjectCard/ProjectCard.tsx
FN:11,ProjectCard
FN:19,(anonymous_1)
FN:22,(anonymous_2)
FN:29,(anonymous_3)
FN:37,(anonymous_4)
FNF:5
FNH:5
FNDA:64,ProjectCard
FNDA:1,(anonymous_1)
FNDA:1,(anonymous_2)
FNDA:1,(anonymous_3)
FNDA:1,(anonymous_4)
DA:12,64
DA:13,64
DA:14,64
DA:16,64
DA:19,1
DA:22,1
DA:29,1
DA:37,1
LF:8
LH:8
BRDA:11,0,0,64
BRDA:14,1,0,64
BRDA:14,1,1,62
BRDA:22,2,0,1
BRDA:22,2,1,1
BRDA:25,3,0,45
BRDA:25,3,1,19
BRDA:28,4,0,1
BRDA:28,4,1,44
BRDA:36,5,0,1
BRDA:36,5,1,44
BRDA:54,6,0,64
BRDA:54,6,1,14
BRF:13
BRH:13
end_of_record
TN:
SF:src/components/ScrollToTop/ScrollToTop.tsx
FN:4,ScrollToTop
FN:7,(anonymous_1)
FNF:2
FNH:2
FNDA:5,ScrollToTop
FNDA:5,(anonymous_1)
DA:5,5
DA:7,5
DA:8,5
DA:11,5
LF:4
LH:4
BRF:0
BRH:0
end_of_record
TN:
SF:src/context/AuthContext.tsx
FN:19,AuthProvider
FN:22,(anonymous_1)
FN:26,(anonymous_2)
FN:37,useAuth
FNF:4
FNH:4
FNDA:89,AuthProvider
FNDA:12,(anonymous_1)
FNDA:2,(anonymous_2)
FNDA:89,useAuth
DA:11,13
DA:13,13
DA:20,89
DA:22,89
DA:23,12
DA:26,89
DA:27,2
DA:30,89
DA:38,89
DA:39,89
DA:40,86
LF:11
LH:11
BRDA:39,0,0,2
BRDA:39,0,1,87
BRF:2
BRH:2
end_of_record
TN:
SF:src/context/CommentContext.tsx
FN:12,CommentProvider
FN:15,(anonymous_1)
FN:22,(anonymous_2)
FN:34,useComments
FNF:4
FNH:4
FNDA:77,CommentProvider
FNDA:3,(anonymous_1)
FNDA:3,(anonymous_2)
FNDA:73,useComments
DA:10,13
DA:13,77
DA:15,77
DA:17,3
DA:22,3
DA:27,77
DA:35,73
DA:36,73
DA:37,70
LF:9
LH:9
BRDA:36,0,0,2
BRDA:36,0,1,71
BRF:2
BRH:2
end_of_record
TN:
SF:src/context/ProjectContext.tsx
FN:17,ProjectProvider
FN:21,(anonymous_1)
FN:29,(anonymous_2)
FN:34,(anonymous_3)
FN:47,(anonymous_4)
FN:48,(anonymous_5)
FN:49,(anonymous_6)
FN:60,useProjects
FNF:8
FNH:8
FNDA:88,ProjectProvider
FNDA:2,(anonymous_1)
FNDA:2,(anonymous_2)
FNDA:9,(anonymous_3)
FNDA:9,(anonymous_4)
FNDA:9,(anonymous_5)
FNDA:54,(anonymous_6)
FNDA:178,useProjects
DA:15,13
DA:18,88
DA:19,88
DA:21,88
DA:23,2
DA:29,2
DA:34,88
DA:35,9
DA:39,9
DA:40,1
DA:41,1
DA:43,8
DA:44,8
DA:47,9
DA:48,9
DA:49,54
DA:53,88
DA:61,178
DA:62,178
DA:63,175
LF:20
LH:20
BRDA:35,0,0,9
BRDA:35,0,1,7
BRDA:39,1,0,1
BRDA:39,1,1,8
BRDA:49,2,0,7
BRDA:49,2,1,47
BRDA:62,3,0,2
BRDA:62,3,1,176
BRF:8
BRH:8
end_of_record
TN:
SF:src/data/seedData.ts
FNF:0
FNH:0
DA:3,13
LF:1
LH:1
BRF:0
BRH:0
end_of_record
TN:
SF:src/pages/Home/Home.tsx
FN:8,Home
FN:11,(anonymous_1)
FN:12,(anonymous_2)
FN:16,(anonymous_3)
FN:57,(anonymous_4)
FNF:5
FNH:5
FNDA:6,Home
FNDA:6,(anonymous_1)
FNDA:60,(anonymous_2)
FNDA:36,(anonymous_3)
FNDA:18,(anonymous_4)
DA:9,6
DA:11,6
DA:12,60
DA:16,36
DA:18,6
DA:58,18
LF:6
LH:6
BRF:0
BRH:0
end_of_record
TN:
SF:src/pages/Privacy/Privacy.tsx
FN:3,Privacy
FNF:1
FNH:1
FNDA:1,Privacy
DA:4,1
LF:1
LH:1
BRF:0
BRH:0
end_of_record
TN:
SF:src/pages/ProjectDetail/ProjectDetail.tsx
FN:6,ProjectDetail
FN:9,(anonymous_1)
FN:42,(anonymous_2)
FN:48,(anonymous_3)
FNF:4
FNH:4
FNDA:10,ProjectDetail
FNDA:15,(anonymous_1)
FNDA:1,(anonymous_2)
FNDA:1,(anonymous_3)
DA:7,10
DA:8,10
DA:9,15
DA:11,10
DA:12,1
DA:21,9
DA:23,10
DA:42,1
DA:48,1
LF:9
LH:9
BRDA:11,0,0,1
BRDA:11,0,1,9
BRDA:21,1,0,9
BRDA:21,1,1,7
BRDA:41,2,0,1
BRDA:41,2,1,8
BRDA:47,3,0,1
BRDA:47,3,1,8
BRDA:73,4,0,10
BRDA:73,4,1,0
BRF:10
BRH:9
end_of_record
TN:
SF:src/pages/Projects/Projects.tsx
FN:9,Projects
FN:11,(anonymous_1)
FN:12,(anonymous_2)
FN:13,(anonymous_3)
FN:15,(anonymous_4)
FN:17,(anonymous_5)
FN:23,(anonymous_6)
FN:44,(anonymous_7)
FNF:8
FNH:8
FNDA:8,Projects
FNDA:5,(anonymous_1)
FNDA:5,(anonymous_2)
FNDA:5,(anonymous_3)
FNDA:8,(anonymous_4)
FNDA:48,(anonymous_5)
FNDA:50,(anonymous_6)
FNDA:31,(anonymous_7)
DA:10,8
DA:11,8
DA:12,8
DA:13,8
DA:15,8
DA:16,8
DA:19,48
DA:23,50
DA:26,8
DA:45,31
LF:10
LH:10
BRDA:19,0,0,48
BRDA:19,0,1,31
BRDA:19,0,2,31
BRDA:37,1,0,2
BRDA:37,1,1,6
BRF:5
BRH:5
end_of_record
TN:
SF:src/pages/Submit/Submit.tsx
FN:8,Submit
FN:20,handleSubmit
FN:42,(anonymous_2)
FN:47,(anonymous_3)
FN:53,(anonymous_4)
FN:54,(anonymous_5)
FN:59,(anonymous_6)
FN:60,(anonymous_7)
FN:68,(anonymous_8)
FN:69,(anonymous_9)
FN:74,(anonymous_10)
FN:75,(anonymous_11)
FN:82,(anonymous_12)
FNF:13
FNH:13
FNDA:76,Submit
FNDA:1,handleSubmit
FNDA:20,(anonymous_2)
FNDA:30,(anonymous_3)
FNDA:1,(anonymous_4)
FNDA:1140,(anonymous_5)
FNDA:1,(anonymous_6)
FNDA:684,(anonymous_7)
FNDA:1,(anonymous_8)
FNDA:608,(anonymous_9)
FNDA:1,(anonymous_10)
FNDA:608,(anonymous_11)
FNDA:11,(anonymous_12)
DA:9,76
DA:10,76
DA:12,76
DA:13,76
DA:14,76
DA:15,76
DA:16,76
DA:17,76
DA:18,76
DA:21,1
DA:22,1
DA:31,1
DA:34,76
DA:42,20
DA:47,30
DA:53,1
DA:54,1140
DA:59,1
DA:60,684
DA:68,1
DA:69,608
DA:74,1
DA:75,608
DA:82,11
LF:24
LH:24
BRDA:29,0,0,1
BRDA:29,0,1,1
BRF:2
BRH:2
end_of_record
TN:
SF:src/pages/Terms/Terms.tsx
FN:3,Terms
FNF:1
FNH:1
FNDA:1,Terms
DA:4,1
LF:1
LH:1
BRF:0
BRH:0
end_of_record
TN:
SF:src/utils/timeAgo.ts
FN:1,getTimeAgo
FNF:1
FNH:1
FNDA:36,getTimeAgo
DA:2,36
DA:3,36
DA:4,36
DA:6,36
DA:7,3
DA:8,3
DA:9,2
DA:10,2
DA:11,1
DA:12,1
LF:10
LH:10
BRDA:6,0,0,33
BRDA:6,0,1,3
BRDA:8,1,0,1
BRDA:8,1,1,2
BRDA:10,2,0,1
BRDA:10,2,1,1
BRF:6
BRH:6
end_of_record
